<?xml version="1.0" encoding="UTF-8"?>
<!-- Generated by org.testng.reporters.JUnitReportReporter -->
<testsuite hostname="DESKTOP-66CLIL3" failures="0" tests="1" name="testpkg.Testshop" time="26.654" errors="0" timestamp="2023-11-26T13:04:38 IST" skipped="0">
  <testcase classname="testpkg.Testshop" name="test" time="26.654"/>
  <system-out/>
</testsuite> <!-- testpkg.Testshop -->
